Adding TIE flux1kontextdev.png files...
[main 797e3ff62] Add TIE flux1kontextdev.png som
 610 files changed, 0 insertions(+), 0 deletions(-)
 create mode 100644 TIE/TIE_A_000001/som/flux1kontextdev.png
 create mode 100644 TIE/TIE_A_000002/som/flux1kontextdev.png
 create mode 100644 TIE/TIE_A_000003/som/flux1kontextdev.png
 create mode 100644 TIE/TIE_A_000004/som/flux1kontextdev.png
 create mode 100644 TIE/TIE_A_000005/som/flux1kontextdev.png
 create mode 100644 TIE/TIE_A_000006/som/flux1kontextdev.png
 create mode 100644 TIE/TIE_A_000007/som/flux1kontextdev.png
 create mode 100644 TIE/TIE_A_000008/som/flux1kontextdev.png
 create mode 100644 TIE/TIE_A_000009/som/flux1kontextdev.png
 create mode 100644 TIE/TIE_A_000010/som/flux1kontextdev.png
 create mode 100644 TIE/TIE_A_000011/som/flux1kontextdev.png
 create mode 100644 TIE/TIE_A_000012/som/flux1kontextdev.png
 create mode 100644 TIE/TIE_A_000013/som/flux1kontextdev.png
 create mode 100644 TIE/TIE_A_000014/som/flux1kontextdev.png
 create mode 100644 TIE/TIE_A_000015/som/flux1kontextdev.png
 create mode 100644 TIE/TIE_A_000016/som/flux1kontextdev.png
 create mode 100644 TIE/TIE_A_000017/som/flux1kontextdev.png
 create mode 100644 TIE/TIE_A_000018/som/flux1kontextdev.png
 create mode 100644 TIE/TIE_A_000019/som/flux1kontextdev.png
 create mode 100644 TIE/TIE_A_000020/som/flux1kontextdev.png
 create mode 100644 TIE/TIE_A_000021/som/flux1kontextdev.png
 create mode 100644 TIE/TIE_A_000022/som/flux1kontextdev.png
 create mode 100644 TIE/TIE_A_000023/som/flux1kontextdev.png
 create mode 100644 TIE/TIE_A_000024/som/flux1kontextdev.png
 create mode 100644 TIE/TIE_A_000025/som/flux1kontextdev.png
 create mode 100644 TIE/TIE_A_000026/som/flux1kontextdev.png
 create mode 100644 TIE/TIE_A_000027/som/flux1kontextdev.png
 create mode 100644 TIE/TIE_A_000028/som/flux1kontextdev.png
 create mode 100644 TIE/TIE_A_000029/som/flux1kontextdev.png
 create mode 100644 TIE/TIE_A_000030/som/flux1kontextdev.png
 create mode 100644 TIE/TIE_A_000031/som/flux1kontextdev.png
 create mode 100644 TIE/TIE_A_000032/som/flux1kontextdev.png
 create mode 100644 TIE/TIE_A_000033/som/flux1kontextdev.png
 create mode 100644 TIE/TIE_A_000034/som/flux1kontextdev.png
 create mode 100644 TIE/TIE_A_000035/som/flux1kontextdev.png
 create mode 100644 TIE/TIE_A_000036/som/flux1kontextdev.png
 create mode 100644 TIE/TIE_A_000037/som/flux1kontextdev.png
 create mode 100644 TIE/TIE_A_000038/som/flux1kontextdev.png
 create mode 100644 TIE/TIE_A_000039/som/flux1kontextdev.png
 create mode 100644 TIE/TIE_A_000040/som/flux1kontextdev.png
 create mode 100644 TIE/TIE_A_000041/som/flux1kontextdev.png
 create mode 100644 TIE/TIE_A_000042/som/flux1kontextdev.png
 create mode 100644 TIE/TIE_A_000043/som/flux1kontextdev.png
 create mode 100644 TIE/TIE_A_000044/som/flux1kontextdev.png
 create mode 100644 TIE/TIE_A_000045/som/flux1kontextdev.png
 create mode 100644 TIE/TIE_A_000046/som/flux1kontextdev.png
 create mode 100644 TIE/TIE_A_000047/som/flux1kontextdev.png
 create mode 100644 TIE/TIE_A_000048/som/flux1kontextdev.png
 create mode 100644 TIE/TIE_A_000049/som/flux1kontextdev.png
 create mode 100644 TIE/TIE_A_000050/som/flux1kontextdev.png
 create mode 100644 TIE/TIE_A_000051/som/flux1kontextdev.png
 create mode 100644 TIE/TIE_A_000052/som/flux1kontextdev.png
 create mode 100644 TIE/TIE_A_000053/som/flux1kontextdev.png
 create mode 100644 TIE/TIE_A_000054/som/flux1kontextdev.png
 create mode 100644 TIE/TIE_A_000055/som/flux1kontextdev.png
 create mode 100644 TIE/TIE_A_000056/som/flux1kontextdev.png
 create mode 100644 TIE/TIE_A_000057/som/flux1kontextdev.png
 create mode 100644 TIE/TIE_A_000058/som/flux1kontextdev.png
 create mode 100644 TIE/TIE_A_000059/som/flux1kontextdev.png
 create mode 100644 TIE/TIE_A_000060/som/flux1kontextdev.png
 create mode 100644 TIE/TIE_A_000061/som/flux1kontextdev.png
 create mode 100644 TIE/TIE_A_000062/som/flux1kontextdev.png
 create mode 100644 TIE/TIE_A_000063/som/flux1kontextdev.png
 create mode 100644 TIE/TIE_A_000064/som/flux1kontextdev.png
 create mode 100644 TIE/TIE_A_000065/som/flux1kontextdev.png
 create mode 100644 TIE/TIE_A_000066/som/flux1kontextdev.png
 create mode 100644 TIE/TIE_A_000067/som/flux1kontextdev.png
 create mode 100644 TIE/TIE_A_000068/som/flux1kontextdev.png
 create mode 100644 TIE/TIE_A_000069/som/flux1kontextdev.png
 create mode 100644 TIE/TIE_A_000070/som/flux1kontextdev.png
 create mode 100644 TIE/TIE_A_000071/som/flux1kontextdev.png
 create mode 100644 TIE/TIE_A_000072/som/flux1kontextdev.png
 create mode 100644 TIE/TIE_A_000073/som/flux1kontextdev.png
 create mode 100644 TIE/TIE_A_000074/som/flux1kontextdev.png
 create mode 100644 TIE/TIE_A_000075/som/flux1kontextdev.png
 create mode 100644 TIE/TIE_A_000076/som/flux1kontextdev.png
 create mode 100644 TIE/TIE_A_000077/som/flux1kontextdev.png
 create mode 100644 TIE/TIE_A_000078/som/flux1kontextdev.png
 create mode 100644 TIE/TIE_A_000079/som/flux1kontextdev.png
 create mode 100644 TIE/TIE_A_000080/som/flux1kontextdev.png
 create mode 100644 TIE/TIE_A_000081/som/flux1kontextdev.png
 create mode 100644 TIE/TIE_A_000082/som/flux1kontextdev.png
 create mode 100644 TIE/TIE_A_000083/som/flux1kontextdev.png
 create mode 100644 TIE/TIE_A_000084/som/flux1kontextdev.png
 create mode 100644 TIE/TIE_A_000085/som/flux1kontextdev.png
 create mode 100644 TIE/TIE_A_000086/som/flux1kontextdev.png
 create mode 100644 TIE/TIE_A_000087/som/flux1kontextdev.png
 create mode 100644 TIE/TIE_A_000088/som/flux1kontextdev.png
 create mode 100644 TIE/TIE_A_000089/som/flux1kontextdev.png
 create mode 100644 TIE/TIE_A_000090/som/flux1kontextdev.png
 create mode 100644 TIE/TIE_A_000091/som/flux1kontextdev.png
 create mode 100644 TIE/TIE_A_000092/som/flux1kontextdev.png
 create mode 100644 TIE/TIE_A_000093/som/flux1kontextdev.png
 create mode 100644 TIE/TIE_A_000094/som/flux1kontextdev.png
 create mode 100644 TIE/TIE_A_000095/som/flux1kontextdev.png
 create mode 100644 TIE/TIE_A_000096/som/flux1kontextdev.png
 create mode 100644 TIE/TIE_A_000097/som/flux1kontextdev.png
 create mode 100644 TIE/TIE_A_000098/som/flux1kontextdev.png
 create mode 100644 TIE/TIE_A_000099/som/flux1kontextdev.png
 create mode 100644 TIE/TIE_A_000100/som/flux1kontextdev.png
 create mode 100644 TIE/TIE_CG_000001/som/flux1kontextdev.png
 create mode 100644 TIE/TIE_CG_000002/som/flux1kontextdev.png
 create mode 100644 TIE/TIE_CG_000003/som/flux1kontextdev.png
 create mode 100644 TIE/TIE_CG_000004/som/flux1kontextdev.png
 create mode 100644 TIE/TIE_CG_000005/som/flux1kontextdev.png
 create mode 100644 TIE/TIE_CG_000006/som/flux1kontextdev.png
 create mode 100644 TIE/TIE_CG_000007/som/flux1kontextdev.png
 create mode 100644 TIE/TIE_CG_000008/som/flux1kontextdev.png
 create mode 100644 TIE/TIE_CG_000009/som/flux1kontextdev.png
 create mode 100644 TIE/TIE_CG_000010/som/flux1kontextdev.png
 create mode 100644 TIE/TIE_CG_000011/som/flux1kontextdev.png
 create mode 100644 TIE/TIE_CG_000012/som/flux1kontextdev.png
 create mode 100644 TIE/TIE_CG_000013/som/flux1kontextdev.png
 create mode 100644 TIE/TIE_CG_000014/som/flux1kontextdev.png
 create mode 100644 TIE/TIE_CG_000015/som/flux1kontextdev.png
 create mode 100644 TIE/TIE_CG_000016/som/flux1kontextdev.png
 create mode 100644 TIE/TIE_CG_000017/som/flux1kontextdev.png
 create mode 100644 TIE/TIE_CG_000018/som/flux1kontextdev.png
 create mode 100644 TIE/TIE_CG_000019/som/flux1kontextdev.png
 create mode 100644 TIE/TIE_CG_000020/som/flux1kontextdev.png
 create mode 100644 TIE/TIE_CG_000021/som/flux1kontextdev.png
 create mode 100644 TIE/TIE_CG_000022/som/flux1kontextdev.png
 create mode 100644 TIE/TIE_CG_000023/som/flux1kontextdev.png
 create mode 100644 TIE/TIE_CG_000024/som/flux1kontextdev.png
 create mode 100644 TIE/TIE_CG_000025/som/flux1kontextdev.png
 create mode 100644 TIE/TIE_CG_000026/som/flux1kontextdev.png
 create mode 100644 TIE/TIE_CG_000027/som/flux1kontextdev.png
 create mode 100644 TIE/TIE_CG_000028/som/flux1kontextdev.png
 create mode 100644 TIE/TIE_CG_000029/som/flux1kontextdev.png
 create mode 100644 TIE/TIE_CG_000030/som/flux1kontextdev.png
 create mode 100644 TIE/TIE_CG_000031/som/flux1kontextdev.png
 create mode 100644 TIE/TIE_CG_000032/som/flux1kontextdev.png
 create mode 100644 TIE/TIE_CG_000033/som/flux1kontextdev.png
 create mode 100644 TIE/TIE_CG_000034/som/flux1kontextdev.png
 create mode 100644 TIE/TIE_CG_000035/som/flux1kontextdev.png
 create mode 100644 TIE/TIE_CG_000036/som/flux1kontextdev.png
 create mode 100644 TIE/TIE_CG_000037/som/flux1kontextdev.png
 create mode 100644 TIE/TIE_CG_000038/som/flux1kontextdev.png
 create mode 100644 TIE/TIE_CG_000039/som/flux1kontextdev.png
 create mode 100644 TIE/TIE_CG_000040/som/flux1kontextdev.png
 create mode 100644 TIE/TIE_CG_000041/som/flux1kontextdev.png
 create mode 100644 TIE/TIE_CG_000042/som/flux1kontextdev.png
 create mode 100644 TIE/TIE_CG_000043/som/flux1kontextdev.png
 create mode 100644 TIE/TIE_CG_000044/som/flux1kontextdev.png
 create mode 100644 TIE/TIE_CG_000045/som/flux1kontextdev.png
 create mode 100644 TIE/TIE_CG_000046/som/flux1kontextdev.png
 create mode 100644 TIE/TIE_CG_000047/som/flux1kontextdev.png
 create mode 100644 TIE/TIE_CG_000048/som/flux1kontextdev.png
 create mode 100644 TIE/TIE_CG_000049/som/flux1kontextdev.png
 create mode 100644 TIE/TIE_CG_000050/som/flux1kontextdev.png
 create mode 100644 TIE/TIE_CG_000051/som/flux1kontextdev.png
 create mode 100644 TIE/TIE_CG_000052/som/flux1kontextdev.png
 create mode 100644 TIE/TIE_CG_000053/som/flux1kontextdev.png
 create mode 100644 TIE/TIE_CG_000054/som/flux1kontextdev.png
 create mode 100644 TIE/TIE_CG_000055/som/flux1kontextdev.png
 create mode 100644 TIE/TIE_CG_000056/som/flux1kontextdev.png
 create mode 100644 TIE/TIE_CG_000057/som/flux1kontextdev.png
 create mode 100644 TIE/TIE_CG_000058/som/flux1kontextdev.png
 create mode 100644 TIE/TIE_CG_000059/som/flux1kontextdev.png
 create mode 100644 TIE/TIE_CG_000060/som/flux1kontextdev.png
 create mode 100644 TIE/TIE_CG_000061/som/flux1kontextdev.png
 create mode 100644 TIE/TIE_CG_000062/som/flux1kontextdev.png
 create mode 100644 TIE/TIE_CG_000063/som/flux1kontextdev.png
 create mode 100644 TIE/TIE_CG_000064/som/flux1kontextdev.png
 create mode 100644 TIE/TIE_CG_000065/som/flux1kontextdev.png
 create mode 100644 TIE/TIE_CG_000066/som/flux1kontextdev.png
 create mode 100644 TIE/TIE_CG_000067/som/flux1kontextdev.png
 create mode 100644 TIE/TIE_CG_000068/som/flux1kontextdev.png
 create mode 100644 TIE/TIE_CG_000069/som/flux1kontextdev.png
 create mode 100644 TIE/TIE_CG_000070/som/flux1kontextdev.png
 create mode 100644 TIE/TIE_CG_000071/som/flux1kontextdev.png
 create mode 100644 TIE/TIE_CG_000072/som/flux1kontextdev.png
 create mode 100644 TIE/TIE_CG_000073/som/flux1kontextdev.png
 create mode 100644 TIE/TIE_CG_000074/som/flux1kontextdev.png
 create mode 100644 TIE/TIE_CG_000075/som/flux1kontextdev.png
 create mode 100644 TIE/TIE_CG_000076/som/flux1kontextdev.png
 create mode 100644 TIE/TIE_CG_000077/som/flux1kontextdev.png
 create mode 100644 TIE/TIE_CG_000078/som/flux1kontextdev.png
 create mode 100644 TIE/TIE_CG_000079/som/flux1kontextdev.png
 create mode 100644 TIE/TIE_CG_000080/som/flux1kontextdev.png
 create mode 100644 TIE/TIE_CG_000081/som/flux1kontextdev.png
 create mode 100644 TIE/TIE_CG_000082/som/flux1kontextdev.png
 create mode 100644 TIE/TIE_CG_000083/som/flux1kontextdev.png
 create mode 100644 TIE/TIE_CG_000084/som/flux1kontextdev.png
 create mode 100644 TIE/TIE_CG_000085/som/flux1kontextdev.png
 create mode 100644 TIE/TIE_CG_000086/som/flux1kontextdev.png
 create mode 100644 TIE/TIE_CG_000087/som/flux1kontextdev.png
 create mode 100644 TIE/TIE_CG_000088/som/flux1kontextdev.png
 create mode 100644 TIE/TIE_CG_000089/som/flux1kontextdev.png
 create mode 100644 TIE/TIE_CG_000090/som/flux1kontextdev.png
 create mode 100644 TIE/TIE_CG_000091/som/flux1kontextdev.png
 create mode 100644 TIE/TIE_CG_000092/som/flux1kontextdev.png
 create mode 100644 TIE/TIE_CG_000093/som/flux1kontextdev.png
 create mode 100644 TIE/TIE_CG_000094/som/flux1kontextdev.png
 create mode 100644 TIE/TIE_CG_000095/som/flux1kontextdev.png
 create mode 100644 TIE/TIE_CG_000096/som/flux1kontextdev.png
 create mode 100644 TIE/TIE_CG_000097/som/flux1kontextdev.png
 create mode 100644 TIE/TIE_CG_000098/som/flux1kontextdev.png
 create mode 100644 TIE/TIE_CG_000099/som/flux1kontextdev.png
 create mode 100644 TIE/TIE_CG_000100/som/flux1kontextdev.png
 create mode 100644 TIE/TIE_I_000001/som/flux1kontextdev.png
 create mode 100644 TIE/TIE_I_000002/som/flux1kontextdev.png
 create mode 100644 TIE/TIE_I_000003/som/flux1kontextdev.png
 create mode 100644 TIE/TIE_I_000004/som/flux1kontextdev.png
 create mode 100644 TIE/TIE_I_000005/som/flux1kontextdev.png
 create mode 100644 TIE/TIE_I_000006/som/flux1kontextdev.png
 create mode 100644 TIE/TIE_I_000007/som/flux1kontextdev.png
 create mode 100644 TIE/TIE_I_000008/som/flux1kontextdev.png
 create mode 100644 TIE/TIE_I_000009/som/flux1kontextdev.png
 create mode 100644 TIE/TIE_I_000010/som/flux1kontextdev.png
 create mode 100644 TIE/TIE_I_000011/som/flux1kontextdev.png
 create mode 100644 TIE/TIE_I_000012/som/flux1kontextdev.png
 create mode 100644 TIE/TIE_I_000013/som/flux1kontextdev.png
 create mode 100644 TIE/TIE_I_000014/som/flux1kontextdev.png
 create mode 100644 TIE/TIE_I_000015/som/flux1kontextdev.png
 create mode 100644 TIE/TIE_I_000016/som/flux1kontextdev.png
 create mode 100644 TIE/TIE_I_000017/som/flux1kontextdev.png
 create mode 100644 TIE/TIE_I_000018/som/flux1kontextdev.png
 create mode 100644 TIE/TIE_I_000019/som/flux1kontextdev.png
 create mode 100644 TIE/TIE_I_000020/som/flux1kontextdev.png
 create mode 100644 TIE/TIE_I_000021/som/flux1kontextdev.png
 create mode 100644 TIE/TIE_I_000022/som/flux1kontextdev.png
 create mode 100644 TIE/TIE_I_000023/som/flux1kontextdev.png
 create mode 100644 TIE/TIE_I_000024/som/flux1kontextdev.png
 create mode 100644 TIE/TIE_I_000025/som/flux1kontextdev.png
 create mode 100644 TIE/TIE_I_000026/som/flux1kontextdev.png
 create mode 100644 TIE/TIE_I_000027/som/flux1kontextdev.png
 create mode 100644 TIE/TIE_I_000028/som/flux1kontextdev.png
 create mode 100644 TIE/TIE_I_000029/som/flux1kontextdev.png
 create mode 100644 TIE/TIE_I_000030/som/flux1kontextdev.png
 create mode 100644 TIE/TIE_I_000031/som/flux1kontextdev.png
 create mode 100644 TIE/TIE_I_000032/som/flux1kontextdev.png
 create mode 100644 TIE/TIE_I_000033/som/flux1kontextdev.png
 create mode 100644 TIE/TIE_I_000034/som/flux1kontextdev.png
 create mode 100644 TIE/TIE_I_000035/som/flux1kontextdev.png
 create mode 100644 TIE/TIE_I_000036/som/flux1kontextdev.png
 create mode 100644 TIE/TIE_I_000037/som/flux1kontextdev.png
 create mode 100644 TIE/TIE_I_000038/som/flux1kontextdev.png
 create mode 100644 TIE/TIE_I_000039/som/flux1kontextdev.png
 create mode 100644 TIE/TIE_I_000040/som/flux1kontextdev.png
 create mode 100644 TIE/TIE_I_000041/som/flux1kontextdev.png
 create mode 100644 TIE/TIE_I_000042/som/flux1kontextdev.png
 create mode 100644 TIE/TIE_I_000043/som/flux1kontextdev.png
 create mode 100644 TIE/TIE_I_000044/som/flux1kontextdev.png
 create mode 100644 TIE/TIE_I_000045/som/flux1kontextdev.png
 create mode 100644 TIE/TIE_I_000046/som/flux1kontextdev.png
 create mode 100644 TIE/TIE_I_000047/som/flux1kontextdev.png
 create mode 100644 TIE/TIE_I_000048/som/flux1kontextdev.png
 create mode 100644 TIE/TIE_I_000049/som/flux1kontextdev.png
 create mode 100644 TIE/TIE_I_000050/som/flux1kontextdev.png
 create mode 100644 TIE/TIE_I_000051/som/flux1kontextdev.png
 create mode 100644 TIE/TIE_I_000052/som/flux1kontextdev.png
 create mode 100644 TIE/TIE_I_000053/som/flux1kontextdev.png
 create mode 100644 TIE/TIE_I_000054/som/flux1kontextdev.png
 create mode 100644 TIE/TIE_I_000055/som/flux1kontextdev.png
 create mode 100644 TIE/TIE_I_000056/som/flux1kontextdev.png
 create mode 100644 TIE/TIE_I_000057/som/flux1kontextdev.png
 create mode 100644 TIE/TIE_I_000058/som/flux1kontextdev.png
 create mode 100644 TIE/TIE_I_000059/som/flux1kontextdev.png
 create mode 100644 TIE/TIE_I_000060/som/flux1kontextdev.png
 create mode 100644 TIE/TIE_I_000061/som/flux1kontextdev.png
 create mode 100644 TIE/TIE_I_000062/som/flux1kontextdev.png
 create mode 100644 TIE/TIE_I_000063/som/flux1kontextdev.png
 create mode 100644 TIE/TIE_I_000064/som/flux1kontextdev.png
 create mode 100644 TIE/TIE_I_000065/som/flux1kontextdev.png
 create mode 100644 TIE/TIE_I_000066/som/flux1kontextdev.png
 create mode 100644 TIE/TIE_I_000067/som/flux1kontextdev.png
 create mode 100644 TIE/TIE_I_000068/som/flux1kontextdev.png
 create mode 100644 TIE/TIE_I_000069/som/flux1kontextdev.png
 create mode 100644 TIE/TIE_I_000070/som/flux1kontextdev.png
 create mode 100644 TIE/TIE_I_000071/som/flux1kontextdev.png
 create mode 100644 TIE/TIE_I_000072/som/flux1kontextdev.png
 create mode 100644 TIE/TIE_I_000073/som/flux1kontextdev.png
 create mode 100644 TIE/TIE_I_000074/som/flux1kontextdev.png
 create mode 100644 TIE/TIE_I_000075/som/flux1kontextdev.png
 create mode 100644 TIE/TIE_I_000076/som/flux1kontextdev.png
 create mode 100644 TIE/TIE_I_000077/som/flux1kontextdev.png
 create mode 100644 TIE/TIE_I_000078/som/flux1kontextdev.png
 create mode 100644 TIE/TIE_I_000079/som/flux1kontextdev.png
 create mode 100644 TIE/TIE_I_000080/som/flux1kontextdev.png
 create mode 100644 TIE/TIE_I_000081/som/flux1kontextdev.png
 create mode 100644 TIE/TIE_I_000082/som/flux1kontextdev.png
 create mode 100644 TIE/TIE_I_000083/som/flux1kontextdev.png
 create mode 100644 TIE/TIE_I_000084/som/flux1kontextdev.png
 create mode 100644 TIE/TIE_I_000085/som/flux1kontextdev.png
 create mode 100644 TIE/TIE_I_000086/som/flux1kontextdev.png
 create mode 100644 TIE/TIE_I_000087/som/flux1kontextdev.png
 create mode 100644 TIE/TIE_I_000088/som/flux1kontextdev.png
 create mode 100644 TIE/TIE_I_000089/som/flux1kontextdev.png
 create mode 100644 TIE/TIE_I_000090/som/flux1kontextdev.png
 create mode 100644 TIE/TIE_I_000091/som/flux1kontextdev.png
 create mode 100644 TIE/TIE_I_000092/som/flux1kontextdev.png
 create mode 100644 TIE/TIE_I_000093/som/flux1kontextdev.png
 create mode 100644 TIE/TIE_I_000094/som/flux1kontextdev.png
 create mode 100644 TIE/TIE_I_000095/som/flux1kontextdev.png
 create mode 100644 TIE/TIE_I_000096/som/flux1kontextdev.png
 create mode 100644 TIE/TIE_I_000097/som/flux1kontextdev.png
 create mode 100644 TIE/TIE_I_000098/som/flux1kontextdev.png
 create mode 100644 TIE/TIE_I_000099/som/flux1kontextdev.png
 create mode 100644 TIE/TIE_I_000100/som/flux1kontextdev.png
 create mode 100644 TIE/TIE_P_000001/som/flux1kontextdev.png
 create mode 100644 TIE/TIE_P_000002/som/flux1kontextdev.png
 create mode 100644 TIE/TIE_P_000003/som/flux1kontextdev.png
 create mode 100644 TIE/TIE_P_000004/som/flux1kontextdev.png
 create mode 100644 TIE/TIE_P_000005/som/flux1kontextdev.png
 create mode 100644 TIE/TIE_P_000006/som/flux1kontextdev.png
 create mode 100644 TIE/TIE_P_000007/som/flux1kontextdev.png
 create mode 100644 TIE/TIE_P_000008/som/flux1kontextdev.png
 create mode 100644 TIE/TIE_P_000009/som/flux1kontextdev.png
 create mode 100644 TIE/TIE_P_000010/som/flux1kontextdev.png
 create mode 100644 TIE/TIE_P_000011/som/flux1kontextdev.png
 create mode 100644 TIE/TIE_P_000012/som/flux1kontextdev.png
 create mode 100644 TIE/TIE_P_000013/som/flux1kontextdev.png
 create mode 100644 TIE/TIE_P_000014/som/flux1kontextdev.png
 create mode 100644 TIE/TIE_P_000015/som/flux1kontextdev.png
 create mode 100644 TIE/TIE_P_000016/som/flux1kontextdev.png
 create mode 100644 TIE/TIE_P_000017/som/flux1kontextdev.png
 create mode 100644 TIE/TIE_P_000018/som/flux1kontextdev.png
 create mode 100644 TIE/TIE_P_000019/som/flux1kontextdev.png
 create mode 100644 TIE/TIE_P_000020/som/flux1kontextdev.png
 create mode 100644 TIE/TIE_P_000021/som/flux1kontextdev.png
 create mode 100644 TIE/TIE_P_000022/som/flux1kontextdev.png
 create mode 100644 TIE/TIE_P_000023/som/flux1kontextdev.png
 create mode 100644 TIE/TIE_P_000024/som/flux1kontextdev.png
 create mode 100644 TIE/TIE_P_000025/som/flux1kontextdev.png
 create mode 100644 TIE/TIE_P_000026/som/flux1kontextdev.png
 create mode 100644 TIE/TIE_P_000027/som/flux1kontextdev.png
 create mode 100644 TIE/TIE_P_000028/som/flux1kontextdev.png
 create mode 100644 TIE/TIE_P_000029/som/flux1kontextdev.png
 create mode 100644 TIE/TIE_P_000030/som/flux1kontextdev.png
 create mode 100644 TIE/TIE_P_000031/som/flux1kontextdev.png
 create mode 100644 TIE/TIE_P_000032/som/flux1kontextdev.png
 create mode 100644 TIE/TIE_P_000033/som/flux1kontextdev.png
 create mode 100644 TIE/TIE_P_000034/som/flux1kontextdev.png
 create mode 100644 TIE/TIE_P_000035/som/flux1kontextdev.png
 create mode 100644 TIE/TIE_P_000036/som/flux1kontextdev.png
 create mode 100644 TIE/TIE_P_000037/som/flux1kontextdev.png
 create mode 100644 TIE/TIE_P_000038/som/flux1kontextdev.png
 create mode 100644 TIE/TIE_P_000039/som/flux1kontextdev.png
 create mode 100644 TIE/TIE_P_000040/som/flux1kontextdev.png
 create mode 100644 TIE/TIE_P_000041/som/flux1kontextdev.png
 create mode 100644 TIE/TIE_P_000042/som/flux1kontextdev.png
 create mode 100644 TIE/TIE_P_000043/som/flux1kontextdev.png
 create mode 100644 TIE/TIE_P_000044/som/flux1kontextdev.png
 create mode 100644 TIE/TIE_P_000045/som/flux1kontextdev.png
 create mode 100644 TIE/TIE_P_000046/som/flux1kontextdev.png
 create mode 100644 TIE/TIE_P_000047/som/flux1kontextdev.png
 create mode 100644 TIE/TIE_P_000048/som/flux1kontextdev.png
 create mode 100644 TIE/TIE_P_000049/som/flux1kontextdev.png
 create mode 100644 TIE/TIE_P_000050/som/flux1kontextdev.png
 create mode 100644 TIE/TIE_P_000051/som/flux1kontextdev.png
 create mode 100644 TIE/TIE_P_000052/som/flux1kontextdev.png
 create mode 100644 TIE/TIE_P_000053/som/flux1kontextdev.png
 create mode 100644 TIE/TIE_P_000054/som/flux1kontextdev.png
 create mode 100644 TIE/TIE_P_000055/som/flux1kontextdev.png
 create mode 100644 TIE/TIE_P_000056/som/flux1kontextdev.png
 create mode 100644 TIE/TIE_P_000057/som/flux1kontextdev.png
 create mode 100644 TIE/TIE_P_000058/som/flux1kontextdev.png
 create mode 100644 TIE/TIE_P_000059/som/flux1kontextdev.png
 create mode 100644 TIE/TIE_P_000060/som/flux1kontextdev.png
 create mode 100644 TIE/TIE_P_000061/som/flux1kontextdev.png
 create mode 100644 TIE/TIE_P_000062/som/flux1kontextdev.png
 create mode 100644 TIE/TIE_P_000063/som/flux1kontextdev.png
 create mode 100644 TIE/TIE_P_000064/som/flux1kontextdev.png
 create mode 100644 TIE/TIE_P_000065/som/flux1kontextdev.png
 create mode 100644 TIE/TIE_P_000066/som/flux1kontextdev.png
 create mode 100644 TIE/TIE_P_000067/som/flux1kontextdev.png
 create mode 100644 TIE/TIE_P_000068/som/flux1kontextdev.png
 create mode 100644 TIE/TIE_P_000069/som/flux1kontextdev.png
 create mode 100644 TIE/TIE_P_000071/som/flux1kontextdev.png
 create mode 100644 TIE/TIE_P_000072/som/flux1kontextdev.png
 create mode 100644 TIE/TIE_P_000073/som/flux1kontextdev.png
 create mode 100644 TIE/TIE_P_000074/som/flux1kontextdev.png
 create mode 100644 TIE/TIE_P_000075/som/flux1kontextdev.png
 create mode 100644 TIE/TIE_P_000076/som/flux1kontextdev.png
 create mode 100644 TIE/TIE_P_000077/som/flux1kontextdev.png
 create mode 100644 TIE/TIE_P_000078/som/flux1kontextdev.png
 create mode 100644 TIE/TIE_P_000079/som/flux1kontextdev.png
 create mode 100644 TIE/TIE_P_000080/som/flux1kontextdev.png
 create mode 100644 TIE/TIE_P_000081/som/flux1kontextdev.png
 create mode 100644 TIE/TIE_P_000082/som/flux1kontextdev.png
 create mode 100644 TIE/TIE_P_000083/som/flux1kontextdev.png
 create mode 100644 TIE/TIE_P_000084/som/flux1kontextdev.png
 create mode 100644 TIE/TIE_P_000085/som/flux1kontextdev.png
 create mode 100644 TIE/TIE_P_000086/som/flux1kontextdev.png
 create mode 100644 TIE/TIE_P_000087/som/flux1kontextdev.png
 create mode 100644 TIE/TIE_P_000088/som/flux1kontextdev.png
 create mode 100644 TIE/TIE_P_000089/som/flux1kontextdev.png
 create mode 100644 TIE/TIE_P_000090/som/flux1kontextdev.png
 create mode 100644 TIE/TIE_P_000091/som/flux1kontextdev.png
 create mode 100644 TIE/TIE_P_000092/som/flux1kontextdev.png
 create mode 100644 TIE/TIE_P_000093/som/flux1kontextdev.png
 create mode 100644 TIE/TIE_P_000094/som/flux1kontextdev.png
 create mode 100644 TIE/TIE_P_000095/som/flux1kontextdev.png
 create mode 100644 TIE/TIE_P_000096/som/flux1kontextdev.png
 create mode 100644 TIE/TIE_P_000097/som/flux1kontextdev.png
 create mode 100644 TIE/TIE_P_000098/som/flux1kontextdev.png
 create mode 100644 TIE/TIE_P_000099/som/flux1kontextdev.png
 create mode 100644 TIE/TIE_P_000100/som/flux1kontextdev.png
 create mode 100644 TIE/TIE_S_000001/som/flux1kontextdev.png
 create mode 100644 TIE/TIE_S_000002/som/flux1kontextdev.png
 create mode 100644 TIE/TIE_S_000003/som/flux1kontextdev.png
 create mode 100644 TIE/TIE_S_000004/som/flux1kontextdev.png
 create mode 100644 TIE/TIE_S_000005/som/flux1kontextdev.png
 create mode 100644 TIE/TIE_S_000006/som/flux1kontextdev.png
 create mode 100644 TIE/TIE_S_000007/som/flux1kontextdev.png
 create mode 100644 TIE/TIE_S_000008/som/flux1kontextdev.png
 create mode 100644 TIE/TIE_S_000009/som/flux1kontextdev.png
 create mode 100644 TIE/TIE_S_000010/som/flux1kontextdev.png
 create mode 100644 TIE/TIE_S_000011/som/flux1kontextdev.png
 create mode 100644 TIE/TIE_S_000012/som/flux1kontextdev.png
 create mode 100644 TIE/TIE_S_000013/som/flux1kontextdev.png
 create mode 100644 TIE/TIE_S_000014/som/flux1kontextdev.png
 create mode 100644 TIE/TIE_S_000015/som/flux1kontextdev.png
 create mode 100644 TIE/TIE_S_000016/som/flux1kontextdev.png
 create mode 100644 TIE/TIE_S_000017/som/flux1kontextdev.png
 create mode 100644 TIE/TIE_S_000018/som/flux1kontextdev.png
 create mode 100644 TIE/TIE_S_000019/som/flux1kontextdev.png
 create mode 100644 TIE/TIE_S_000020/som/flux1kontextdev.png
 create mode 100644 TIE/TIE_S_000021/som/flux1kontextdev.png
 create mode 100644 TIE/TIE_S_000022/som/flux1kontextdev.png
 create mode 100644 TIE/TIE_S_000023/som/flux1kontextdev.png
 create mode 100644 TIE/TIE_S_000024/som/flux1kontextdev.png
 create mode 100644 TIE/TIE_S_000025/som/flux1kontextdev.png
 create mode 100644 TIE/TIE_S_000026/som/flux1kontextdev.png
 create mode 100644 TIE/TIE_S_000027/som/flux1kontextdev.png
 create mode 100644 TIE/TIE_S_000028/som/flux1kontextdev.png
 create mode 100644 TIE/TIE_S_000029/som/flux1kontextdev.png
 create mode 100644 TIE/TIE_S_000030/som/flux1kontextdev.png
 create mode 100644 TIE/TIE_S_000031/som/flux1kontextdev.png
 create mode 100644 TIE/TIE_S_000032/som/flux1kontextdev.png
 create mode 100644 TIE/TIE_S_000033/som/flux1kontextdev.png
 create mode 100644 TIE/TIE_S_000034/som/flux1kontextdev.png
 create mode 100644 TIE/TIE_S_000035/som/flux1kontextdev.png
 create mode 100644 TIE/TIE_S_000036/som/flux1kontextdev.png
 create mode 100644 TIE/TIE_S_000037/som/flux1kontextdev.png
 create mode 100644 TIE/TIE_S_000038/som/flux1kontextdev.png
 create mode 100644 TIE/TIE_S_000039/som/flux1kontextdev.png
 create mode 100644 TIE/TIE_S_000040/som/flux1kontextdev.png
 create mode 100644 TIE/TIE_S_000041/som/flux1kontextdev.png
 create mode 100644 TIE/TIE_S_000042/som/flux1kontextdev.png
 create mode 100644 TIE/TIE_S_000043/som/flux1kontextdev.png
 create mode 100644 TIE/TIE_S_000044/som/flux1kontextdev.png
 create mode 100644 TIE/TIE_S_000045/som/flux1kontextdev.png
 create mode 100644 TIE/TIE_S_000046/som/flux1kontextdev.png
 create mode 100644 TIE/TIE_S_000047/som/flux1kontextdev.png
 create mode 100644 TIE/TIE_S_000048/som/flux1kontextdev.png
 create mode 100644 TIE/TIE_S_000049/som/flux1kontextdev.png
 create mode 100644 TIE/TIE_S_000050/som/flux1kontextdev.png
 create mode 100644 TIE/TIE_S_000051/som/flux1kontextdev.png
 create mode 100644 TIE/TIE_S_000052/som/flux1kontextdev.png
 create mode 100644 TIE/TIE_S_000053/som/flux1kontextdev.png
 create mode 100644 TIE/TIE_S_000054/som/flux1kontextdev.png
 create mode 100644 TIE/TIE_S_000055/som/flux1kontextdev.png
 create mode 100644 TIE/TIE_S_000056/som/flux1kontextdev.png
 create mode 100644 TIE/TIE_S_000057/som/flux1kontextdev.png
 create mode 100644 TIE/TIE_S_000058/som/flux1kontextdev.png
 create mode 100644 TIE/TIE_S_000059/som/flux1kontextdev.png
 create mode 100644 TIE/TIE_S_000060/som/flux1kontextdev.png
 create mode 100644 TIE/TIE_S_000061/som/flux1kontextdev.png
 create mode 100644 TIE/TIE_S_000062/som/flux1kontextdev.png
 create mode 100644 TIE/TIE_S_000063/som/flux1kontextdev.png
 create mode 100644 TIE/TIE_S_000064/som/flux1kontextdev.png
 create mode 100644 TIE/TIE_S_000065/som/flux1kontextdev.png
 create mode 100644 TIE/TIE_S_000066/som/flux1kontextdev.png
 create mode 100644 TIE/TIE_S_000067/som/flux1kontextdev.png
 create mode 100644 TIE/TIE_S_000068/som/flux1kontextdev.png
 create mode 100644 TIE/TIE_S_000069/som/flux1kontextdev.png
 create mode 100644 TIE/TIE_S_000070/som/flux1kontextdev.png
 create mode 100644 TIE/TIE_S_000071/som/flux1kontextdev.png
 create mode 100644 TIE/TIE_S_000072/som/flux1kontextdev.png
 create mode 100644 TIE/TIE_S_000073/som/flux1kontextdev.png
 create mode 100644 TIE/TIE_S_000074/som/flux1kontextdev.png
 create mode 100644 TIE/TIE_S_000075/som/flux1kontextdev.png
 create mode 100644 TIE/TIE_S_000076/som/flux1kontextdev.png
 create mode 100644 TIE/TIE_S_000077/som/flux1kontextdev.png
 create mode 100644 TIE/TIE_S_000078/som/flux1kontextdev.png
 create mode 100644 TIE/TIE_S_000079/som/flux1kontextdev.png
 create mode 100644 TIE/TIE_S_000080/som/flux1kontextdev.png
 create mode 100644 TIE/TIE_S_000081/som/flux1kontextdev.png
 create mode 100644 TIE/TIE_S_000082/som/flux1kontextdev.png
 create mode 100644 TIE/TIE_S_000083/som/flux1kontextdev.png
 create mode 100644 TIE/TIE_S_000084/som/flux1kontextdev.png
 create mode 100644 TIE/TIE_S_000085/som/flux1kontextdev.png
 create mode 100644 TIE/TIE_S_000086/som/flux1kontextdev.png
 create mode 100644 TIE/TIE_S_000087/som/flux1kontextdev.png
 create mode 100644 TIE/TIE_S_000088/som/flux1kontextdev.png
 create mode 100644 TIE/TIE_S_000089/som/flux1kontextdev.png
 create mode 100644 TIE/TIE_S_000090/som/flux1kontextdev.png
 create mode 100644 TIE/TIE_S_000091/som/flux1kontextdev.png
 create mode 100644 TIE/TIE_S_000092/som/flux1kontextdev.png
 create mode 100644 TIE/TIE_S_000093/som/flux1kontextdev.png
 create mode 100644 TIE/TIE_S_000094/som/flux1kontextdev.png
 create mode 100644 TIE/TIE_S_000095/som/flux1kontextdev.png
 create mode 100644 TIE/TIE_S_000096/som/flux1kontextdev.png
 create mode 100644 TIE/TIE_S_000097/som/flux1kontextdev.png
 create mode 100644 TIE/TIE_S_000098/som/flux1kontextdev.png
 create mode 100644 TIE/TIE_S_000099/som/flux1kontextdev.png
 create mode 100644 TIE/TIE_S_000100/som/flux1kontextdev.png
 create mode 100644 TIE/TIE_S_000101/som/flux1kontextdev.png
 create mode 100644 TIE/TIE_S_000102/som/flux1kontextdev.png
 create mode 100644 TIE/TIE_S_000103/som/flux1kontextdev.png
 create mode 100644 TIE/TIE_S_000104/som/flux1kontextdev.png
 create mode 100644 TIE/TIE_S_000105/som/flux1kontextdev.png
 create mode 100644 TIE/TIE_S_000106/som/flux1kontextdev.png
 create mode 100644 TIE/TIE_S_000107/som/flux1kontextdev.png
 create mode 100644 TIE/TIE_S_000108/som/flux1kontextdev.png
 create mode 100644 TIE/TIE_S_000109/som/flux1kontextdev.png
 create mode 100644 TIE/TIE_S_000110/som/flux1kontextdev.png
 create mode 100644 TIE/TIE_S_000111/som/flux1kontextdev.png
 create mode 100644 TIE/TIE_T_000001/som/flux1kontextdev.png
 create mode 100644 TIE/TIE_T_000002/som/flux1kontextdev.png
 create mode 100644 TIE/TIE_T_000003/som/flux1kontextdev.png
 create mode 100644 TIE/TIE_T_000004/som/flux1kontextdev.png
 create mode 100644 TIE/TIE_T_000005/som/flux1kontextdev.png
 create mode 100644 TIE/TIE_T_000006/som/flux1kontextdev.png
 create mode 100644 TIE/TIE_T_000007/som/flux1kontextdev.png
 create mode 100644 TIE/TIE_T_000008/som/flux1kontextdev.png
 create mode 100644 TIE/TIE_T_000009/som/flux1kontextdev.png
 create mode 100644 TIE/TIE_T_000010/som/flux1kontextdev.png
 create mode 100644 TIE/TIE_T_000011/som/flux1kontextdev.png
 create mode 100644 TIE/TIE_T_000012/som/flux1kontextdev.png
 create mode 100644 TIE/TIE_T_000013/som/flux1kontextdev.png
 create mode 100644 TIE/TIE_T_000014/som/flux1kontextdev.png
 create mode 100644 TIE/TIE_T_000015/som/flux1kontextdev.png
 create mode 100644 TIE/TIE_T_000016/som/flux1kontextdev.png
 create mode 100644 TIE/TIE_T_000017/som/flux1kontextdev.png
 create mode 100644 TIE/TIE_T_000018/som/flux1kontextdev.png
 create mode 100644 TIE/TIE_T_000019/som/flux1kontextdev.png
 create mode 100644 TIE/TIE_T_000020/som/flux1kontextdev.png
 create mode 100644 TIE/TIE_T_000021/som/flux1kontextdev.png
 create mode 100644 TIE/TIE_T_000022/som/flux1kontextdev.png
 create mode 100644 TIE/TIE_T_000023/som/flux1kontextdev.png
 create mode 100644 TIE/TIE_T_000024/som/flux1kontextdev.png
 create mode 100644 TIE/TIE_T_000025/som/flux1kontextdev.png
 create mode 100644 TIE/TIE_T_000026/som/flux1kontextdev.png
 create mode 100644 TIE/TIE_T_000027/som/flux1kontextdev.png
 create mode 100644 TIE/TIE_T_000028/som/flux1kontextdev.png
 create mode 100644 TIE/TIE_T_000029/som/flux1kontextdev.png
 create mode 100644 TIE/TIE_T_000030/som/flux1kontextdev.png
 create mode 100644 TIE/TIE_T_000031/som/flux1kontextdev.png
 create mode 100644 TIE/TIE_T_000032/som/flux1kontextdev.png
 create mode 100644 TIE/TIE_T_000033/som/flux1kontextdev.png
 create mode 100644 TIE/TIE_T_000034/som/flux1kontextdev.png
 create mode 100644 TIE/TIE_T_000035/som/flux1kontextdev.png
 create mode 100644 TIE/TIE_T_000036/som/flux1kontextdev.png
 create mode 100644 TIE/TIE_T_000037/som/flux1kontextdev.png
 create mode 100644 TIE/TIE_T_000038/som/flux1kontextdev.png
 create mode 100644 TIE/TIE_T_000039/som/flux1kontextdev.png
 create mode 100644 TIE/TIE_T_000040/som/flux1kontextdev.png
 create mode 100644 TIE/TIE_T_000041/som/flux1kontextdev.png
 create mode 100644 TIE/TIE_T_000042/som/flux1kontextdev.png
 create mode 100644 TIE/TIE_T_000043/som/flux1kontextdev.png
 create mode 100644 TIE/TIE_T_000044/som/flux1kontextdev.png
 create mode 100644 TIE/TIE_T_000045/som/flux1kontextdev.png
 create mode 100644 TIE/TIE_T_000046/som/flux1kontextdev.png
 create mode 100644 TIE/TIE_T_000047/som/flux1kontextdev.png
 create mode 100644 TIE/TIE_T_000048/som/flux1kontextdev.png
 create mode 100644 TIE/TIE_T_000049/som/flux1kontextdev.png
 create mode 100644 TIE/TIE_T_000050/som/flux1kontextdev.png
 create mode 100644 TIE/TIE_T_000051/som/flux1kontextdev.png
 create mode 100644 TIE/TIE_T_000052/som/flux1kontextdev.png
 create mode 100644 TIE/TIE_T_000053/som/flux1kontextdev.png
 create mode 100644 TIE/TIE_T_000054/som/flux1kontextdev.png
 create mode 100644 TIE/TIE_T_000055/som/flux1kontextdev.png
 create mode 100644 TIE/TIE_T_000056/som/flux1kontextdev.png
 create mode 100644 TIE/TIE_T_000057/som/flux1kontextdev.png
 create mode 100644 TIE/TIE_T_000058/som/flux1kontextdev.png
 create mode 100644 TIE/TIE_T_000059/som/flux1kontextdev.png
 create mode 100644 TIE/TIE_T_000060/som/flux1kontextdev.png
 create mode 100644 TIE/TIE_T_000061/som/flux1kontextdev.png
 create mode 100644 TIE/TIE_T_000062/som/flux1kontextdev.png
 create mode 100644 TIE/TIE_T_000063/som/flux1kontextdev.png
 create mode 100644 TIE/TIE_T_000064/som/flux1kontextdev.png
 create mode 100644 TIE/TIE_T_000065/som/flux1kontextdev.png
 create mode 100644 TIE/TIE_T_000066/som/flux1kontextdev.png
 create mode 100644 TIE/TIE_T_000067/som/flux1kontextdev.png
 create mode 100644 TIE/TIE_T_000068/som/flux1kontextdev.png
 create mode 100644 TIE/TIE_T_000069/som/flux1kontextdev.png
 create mode 100644 TIE/TIE_T_000070/som/flux1kontextdev.png
 create mode 100644 TIE/TIE_T_000071/som/flux1kontextdev.png
 create mode 100644 TIE/TIE_T_000072/som/flux1kontextdev.png
 create mode 100644 TIE/TIE_T_000073/som/flux1kontextdev.png
 create mode 100644 TIE/TIE_T_000074/som/flux1kontextdev.png
 create mode 100644 TIE/TIE_T_000075/som/flux1kontextdev.png
 create mode 100644 TIE/TIE_T_000076/som/flux1kontextdev.png
 create mode 100644 TIE/TIE_T_000077/som/flux1kontextdev.png
 create mode 100644 TIE/TIE_T_000078/som/flux1kontextdev.png
 create mode 100644 TIE/TIE_T_000079/som/flux1kontextdev.png
 create mode 100644 TIE/TIE_T_000080/som/flux1kontextdev.png
 create mode 100644 TIE/TIE_T_000081/som/flux1kontextdev.png
 create mode 100644 TIE/TIE_T_000082/som/flux1kontextdev.png
 create mode 100644 TIE/TIE_T_000083/som/flux1kontextdev.png
 create mode 100644 TIE/TIE_T_000084/som/flux1kontextdev.png
 create mode 100644 TIE/TIE_T_000085/som/flux1kontextdev.png
 create mode 100644 TIE/TIE_T_000086/som/flux1kontextdev.png
 create mode 100644 TIE/TIE_T_000087/som/flux1kontextdev.png
 create mode 100644 TIE/TIE_T_000088/som/flux1kontextdev.png
 create mode 100644 TIE/TIE_T_000089/som/flux1kontextdev.png
 create mode 100644 TIE/TIE_T_000090/som/flux1kontextdev.png
 create mode 100644 TIE/TIE_T_000091/som/flux1kontextdev.png
 create mode 100644 TIE/TIE_T_000092/som/flux1kontextdev.png
 create mode 100644 TIE/TIE_T_000093/som/flux1kontextdev.png
 create mode 100644 TIE/TIE_T_000094/som/flux1kontextdev.png
 create mode 100644 TIE/TIE_T_000095/som/flux1kontextdev.png
 create mode 100644 TIE/TIE_T_000096/som/flux1kontextdev.png
 create mode 100644 TIE/TIE_T_000097/som/flux1kontextdev.png
 create mode 100644 TIE/TIE_T_000098/som/flux1kontextdev.png
 create mode 100644 TIE/TIE_T_000099/som/flux1kontextdev.png
 create mode 100644 TIE/TIE_T_000100/som/flux1kontextdev.png
Pushing to remote...flux1kontextdev
To https://github.com/ChromAIca/Vis2.git
   1b046b257..797e3ff62  main -> main
Added TIE flux1kontextdev.png files...
